[Thu, 26 Nov 2020 08:50:04 +0700] [localhost] [::1] [Notice(8): Undefined variable: upload_info] [FILE: /modules/product/admin/main.php] [LINE: 117]
[Thu, 26 Nov 2020 08:50:04 +0700] [localhost] [::1] [Notice(8): Undefined variable: upload_info] [FILE: /modules/product/admin/main.php] [LINE: 129]
[Thu, 26 Nov 2020 09:34:20 +0700] [localhost] [::1] [Error(1): Uncaught PDOException: SQLSTATE[42000]: Syntax error or access violation: 1064 You have an error in your SQL syntax; check the manual that corresponds to your MariaDB server version for the right syntax to use near '' at line 1 in D:\xampp\htdocs\book_store\vendor\vinades\nukeviet\Core\Database.php:495
Stack trace:
#0 D:\xampp\htdocs\book_store\vendor\vinades\nukeviet\Core\Database.php(495): PDO->query('SELECT COUNT(*)...')
#1 D:\xampp\htdocs\book_store\modules\product\admin\list.php(34): NukeViet\Core\Database->query('SELECT COUNT(*)...')
#2 D:\xampp\htdocs\book_store\admin\index.php(175): require('D:\\xampp\\htdocs...')
#3 {main}
  thrown] [FILE: /vendor/vinades/nukeviet/Core/Database.php] [LINE: 495]
[Thu, 26 Nov 2020 09:37:50 +0700] [localhost] [::1] [Notice(8): Array to string conversion] [FILE: /includes/xtemplate.class.php] [LINE: 893]
[Thu, 26 Nov 2020 10:07:36 +0700] [localhost] [::1] [Notice(8): Undefined variable: total] [FILE: /modules/product/admin/list.php] [LINE: 135]
[Thu, 26 Nov 2020 10:07:36 +0700] [localhost] [::1] [Notice(8): Undefined variable: total] [FILE: /modules/product/admin/list.php] [LINE: 138]
[Thu, 26 Nov 2020 10:10:53 +0700] [localhost] [::1] [Error(1): Uncaught Error: Call to undefined method NukeViet\Core\Database::and() in D:\xampp\htdocs\book_store\modules\product\admin\list.php:35
Stack trace:
#0 D:\xampp\htdocs\book_store\admin\index.php(175): require()
#1 {main}
  thrown] [FILE: /modules/product/admin/list.php] [LINE: 35]
[Thu, 26 Nov 2020 10:32:50 +0700] [localhost] [::1] [User Error(256): Incorrect Origin specified] [FILE: /vendor/vinades/nukeviet/Core/Request.php] [LINE: 478]
[Thu, 26 Nov 2020 23:25:26 +0700] [localhost] [::1] [Notice(8): Undefined index: order.list] [FILE: /modules/product/admin/orderlist.php] [LINE: 15]
[Thu, 26 Nov 2020 23:25:26 +0700] [localhost] [::1] [Warning(2): file_get_contents(D:/xampp/htdocs/book_store/themes/admin_default/modules/product\orderlist.tpl): failed to open stream: No such file or directory] [FILE: /includes/xtemplate.class.php] [LINE: 1395]
