[Tue, 15 Dec 2020 22:17:19 +0700] [localhost] [::1] [Notice(8): Undefined variable: result] [FILE: /modules/product/theme.php] [LINE: 117]
[Tue, 15 Dec 2020 22:17:19 +0700] [localhost] [::1] [Warning(2): Invalid argument supplied for foreach()] [FILE: /modules/product/theme.php] [LINE: 117]
[Tue, 15 Dec 2020 22:17:34 +0700] [localhost] [::1] [Notice(8): Undefined variable: post] [FILE: /modules/product/theme.php] [LINE: 119]
[Tue, 15 Dec 2020 22:21:48 +0700] [localhost] [::1] [Notice(8): Undefined variable: html] [FILE: /modules/product/funcs/cart.php] [LINE: 73]
[Tue, 15 Dec 2020 22:21:48 +0700] [localhost] [::1] [Notice(8): Undefined variable: html] [FILE: /modules/product/funcs/cart.php] [LINE: 89]
[Tue, 15 Dec 2020 22:32:45 +0700] [localhost] [::1] [Notice(8): Undefined variable: post] [FILE: /modules/product/theme.php] [LINE: 122]
[Tue, 15 Dec 2020 22:33:55 +0700] [localhost] [::1] [Notice(8): Undefined offset: 0] [FILE: /modules/product/funcs/cart.php] [LINE: 51]
[Tue, 15 Dec 2020 22:33:55 +0700] [localhost] [::1] [Notice(8): Undefined index: total_price] [FILE: /modules/product/funcs/cart.php] [LINE: 55]
[Tue, 15 Dec 2020 22:33:55 +0700] [localhost] [::1] [Error(1): Uncaught PDOException: SQLSTATE[42000]: Syntax error or access violation: 1064 You have an error in your SQL syntax; check the manual that corresponds to your MariaDB server version for the right syntax to use near 'VALUES (?, ?, ?, ?, ?, ?, ?, ?)' at line 1 in D:\xampp\htdocs\book_store\vendor\vinades\nukeviet\Core\Database.php:520
Stack trace:
#0 D:\xampp\htdocs\book_store\vendor\vinades\nukeviet\Core\Database.php(520): PDO->prepare('INSERT INTO `nv...', Array)
#1 D:\xampp\htdocs\book_store\modules\product\funcs\cart.php(220): NukeViet\Core\Database->prepare('INSERT INTO `nv...')
#2 D:\xampp\htdocs\book_store\index.php(343): require('D:\\xampp\\htdocs...')
#3 {main}
  thrown] [FILE: /vendor/vinades/nukeviet/Core/Database.php] [LINE: 520]
[Tue, 15 Dec 2020 22:47:28 +0700] [localhost] [::1] [Notice(8): Undefined index: total_price] [FILE: /modules/product/funcs/cart.php] [LINE: 216]
[Tue, 15 Dec 2020 22:48:17 +0700] [localhost] [::1] [Notice(8): Undefined variable: html] [FILE: /modules/product/funcs/cart.php] [LINE: 68]
[Tue, 15 Dec 2020 22:48:17 +0700] [localhost] [::1] [Notice(8): Undefined variable: html] [FILE: /modules/product/funcs/cart.php] [LINE: 84]
[Tue, 15 Dec 2020 22:59:28 +0700] [localhost] [::1] [Notice(8): Undefined variable: alert] [FILE: /modules/product/funcs/cart.php] [LINE: 264]
[Tue, 15 Dec 2020 23:15:42 +0700] [localhost] [::1] [Notice(8): Undefined variable: alert] [FILE: /modules/product/funcs/cart.php] [LINE: 288]
[Tue, 15 Dec 2020 23:17:03 +0700] [localhost] [::1] [Error(1): Uncaught PDOException: SQLSTATE[HY093]: Invalid parameter number: parameter was not defined in D:\xampp\htdocs\book_store\modules\product\funcs\cart.php:248
Stack trace:
#0 D:\xampp\htdocs\book_store\modules\product\funcs\cart.php(248): PDOStatement->bindParam('order_id', '16')
#1 D:\xampp\htdocs\book_store\index.php(343): require('D:\\xampp\\htdocs...')
#2 {main}
  thrown] [FILE: /modules/product/funcs/cart.php] [LINE: 248]
[Tue, 15 Dec 2020 23:23:10 +0700] [localhost] [::1] [Notice(8): Undefined variable: alert] [FILE: /modules/product/funcs/cart.php] [LINE: 295]
[Tue, 15 Dec 2020 23:49:46 +0700] [localhost] [::1] [Notice(8): Undefined variable: stmt] [FILE: /modules/product/funcs/cart.php] [LINE: 248]
[Tue, 15 Dec 2020 23:53:33 +0700] [localhost] [::1] [Notice(8): Undefined variable: alert] [FILE: /modules/product/funcs/cart.php] [LINE: 299]
[Tue, 15 Dec 2020 23:54:06 +0700] [localhost] [::1] [Notice(8): Undefined variable: alert] [FILE: /modules/product/funcs/cart.php] [LINE: 296]
[Wed, 16 Dec 2020 00:05:41 +0700] [localhost] [::1] [Notice(8): Undefined variable: alert] [FILE: /modules/product/funcs/cart.php] [LINE: 293]
