[Tue, 24 Nov 2020 20:09:08 +0700] [localhost] [::1] [Error(1): Uncaught Error: Call to undefined method NukeViet\Core\Database::bindParam() in D:\xampp\htdocs\book_store\modules\product\admin\main.php:62
Stack trace:
#0 D:\xampp\htdocs\book_store\admin\index.php(175): require()
#1 {main}
  thrown] [FILE: /modules/product/admin/main.php] [LINE: 62]
[Tue, 24 Nov 2020 20:19:03 +0700] [localhost] [::1] [Error(1): Uncaught PDOException: SQLSTATE[23000]: Integrity constraint violation: 1062 Duplicate entry 'sach-giao-khoa' for key 'slug' in D:\xampp\htdocs\book_store\vendor\vinades\nukeviet\Core\Database.php:611
Stack trace:
#0 D:\xampp\htdocs\book_store\vendor\vinades\nukeviet\Core\Database.php(611): PDOStatement->execute(NULL)
#1 D:\xampp\htdocs\book_store\modules\product\admin\main.php(69): NukeViet\Core\NukeVietPDOStatement->execute()
#2 D:\xampp\htdocs\book_store\admin\index.php(175): require('D:\\xampp\\htdocs...')
#3 {main}
  thrown] [FILE: /vendor/vinades/nukeviet/Core/Database.php] [LINE: 611]
[Tue, 24 Nov 2020 21:00:18 +0700] [localhost] [::1] [Notice(8): Array to string conversion] [FILE: /includes/xtemplate.class.php] [LINE: 893]
[Tue, 24 Nov 2020 22:33:41 +0700] [localhost] [::1] [Notice(8): Undefined index: category] [FILE: /modules/product/admin/main.php] [LINE: 134]
[Tue, 24 Nov 2020 22:38:45 +0700] [localhost] [::1] [Notice(8): Undefined index: category] [FILE: /modules/product/admin/main.php] [LINE: 135]
[Tue, 24 Nov 2020 22:39:04 +0700] [localhost] [::1] [Notice(8): Undefined variable: upload_info] [FILE: /modules/product/admin/main.php] [LINE: 70]
[Tue, 24 Nov 2020 22:39:04 +0700] [localhost] [::1] [Notice(8): Undefined variable: upload_info] [FILE: /modules/product/admin/main.php] [LINE: 82]
[Tue, 24 Nov 2020 22:45:22 +0700] [localhost] [::1] [Notice(8): Undefined index: category] [FILE: /modules/product/admin/main.php] [LINE: 142]
[Wed, 25 Nov 2020 00:57:57 +0700] [localhost] [::1] [Notice(8): Undefined variable: upload_info] [FILE: /modules/product/admin/main.php] [LINE: 110]
[Wed, 25 Nov 2020 00:57:57 +0700] [localhost] [::1] [Notice(8): Undefined variable: upload_info] [FILE: /modules/product/admin/main.php] [LINE: 122]
